[debug] [2020-09-12T06:29:57.186Z] ----------------------------------------------------------------------
[debug] [2020-09-12T06:29:57.188Z] Command:       C:\Program Files\nodejs\node.exe C:\Users\jchonkl\AppData\Roaming\npm\node_modules\firebase-tools\lib\bin\firebase.js emulators:start
[debug] [2020-09-12T06:29:57.188Z] CLI Version:   8.10.0
[debug] [2020-09-12T06:29:57.188Z] Platform:      win32
[debug] [2020-09-12T06:29:57.188Z] Node Version:  v13.12.0
[debug] [2020-09-12T06:29:57.191Z] Time:          Sat Sep 12 2020 00:29:57 GMT-0600 (Central Standard Time)
[debug] [2020-09-12T06:29:57.191Z] ----------------------------------------------------------------------
[debug] [2020-09-12T06:29:57.192Z] 
[debug] [2020-09-12T06:29:57.207Z] > command requires scopes: ["email","openid","https://www.googleapis.com/auth/cloudplatformprojects.readonly","https://www.googleapis.com/auth/firebase","https://www.googleapis.com/auth/cloud-platform"]
[debug] [2020-09-12T06:29:57.208Z] > authorizing via signed-in user
[info] i  emulators: Starting emulators: functions, hosting {"metadata":{"emulator":{"name":"hub"},"message":"Starting emulators: functions, hosting"}}
[warn] !  emulators: It seems that you are running multiple instances of the emulator suite for project clo-15d92. This may result in unexpected behavior. 
[debug] [2020-09-12T06:29:59.229Z] [hub] writing locator at C:\Users\jchonkl\AppData\Local\Temp\hub-clo-15d92.json
[warn] !  functions: The following emulators are not running, calls to these services from the Functions emulator will affect production: firestore, database, pubsub {"metadata":{"emulator":{"name":"functions"},"message":"The following emulators are not running, calls to these services from the Functions emulator will affect production: \u001b[1mfirestore, database, pubsub\u001b[22m"}}
[warn] !  Your requested "node" version "10" doesn't match your global version "13" {"metadata":{"emulator":{"name":"functions"},"message":"Your requested \"node\" version \"10\" doesn't match your global version \"13\""}}
[debug] [2020-09-12T06:30:01.251Z] defaultcredentials: writing to file C:\Users\jchonkl\AppData\Roaming\firebase\leo_ckl_gmail.com_application_default_credentials.json
[debug] [2020-09-12T06:30:01.254Z] Setting GAC to C:\Users\jchonkl\AppData\Roaming\firebase\leo_ckl_gmail.com_application_default_credentials.json {"metadata":{"emulator":{"name":"functions"},"message":"Setting GAC to C:\\Users\\jchonkl\\AppData\\Roaming\\firebase\\leo_ckl_gmail.com_application_default_credentials.json"}}
[debug] [2020-09-12T06:30:03.264Z] >>> HTTP REQUEST GET https://firebase.googleapis.com/v1beta1/projects/clo-15d92/webApps/-/config  
 
[debug] [2020-09-12T06:30:03.769Z] <<< HTTP RESPONSE 200 {"content-type":"application/json; charset=UTF-8","vary":"X-Origin, Referer, Origin,Accept-Encoding","date":"Sat, 12 Sep 2020 06:30:03 GMT","server":"ESF","cache-control":"private","x-xss-protection":"0","x-frame-options":"SAMEORIGIN","x-content-type-options":"nosniff","alt-svc":"h3-29=\":443\"; ma=2592000,h3-27=\":443\"; ma=2592000,h3-T051=\":443\"; ma=2592000,h3-T050=\":443\"; ma=2592000,h3-Q050=\":443\"; ma=2592000,h3-Q046=\":443\"; ma=2592000,h3-Q043=\":443\"; ma=2592000,quic=\":443\"; ma=2592000; v=\"46,43\"","accept-ranges":"none","transfer-encoding":"chunked"}
[info] i  hosting: Serving hosting files from: build {"metadata":{"emulator":{"name":"hosting"},"message":"Serving hosting files from: \u001b[1mbuild\u001b[22m"}}
[info] +  hosting: Local server: http://localhost:5000 {"metadata":{"emulator":{"name":"hosting"},"message":"Local server: \u001b[4m\u001b[1mhttp://localhost:5000\u001b[22m\u001b[24m"}}
[debug] [2020-09-12T06:30:07.836Z] Ignoring unsupported arg: auto_download {"metadata":{"emulator":{"name":"ui"},"message":"Ignoring unsupported arg: auto_download"}}
[debug] [2020-09-12T06:30:07.836Z] Ignoring unsupported arg: port {"metadata":{"emulator":{"name":"ui"},"message":"Ignoring unsupported arg: port"}}
[debug] [2020-09-12T06:30:07.836Z] Starting Emulator UI with command {"binary":"node","args":["C:\\Users\\jchonkl\\.cache\\firebase\\emulators\\ui-v1.1.1\\server.bundle.js"],"optionalArgs":[],"joinArgs":false} {"metadata":{"emulator":{"name":"ui"},"message":"Starting Emulator UI with command {\"binary\":\"node\",\"args\":[\"C:\\\\Users\\\\jchonkl\\\\.cache\\\\firebase\\\\emulators\\\\ui-v1.1.1\\\\server.bundle.js\"],\"optionalArgs\":[],\"joinArgs\":false}"}}
[info] i  ui: Emulator UI logging to ui-debug.log {"metadata":{"emulator":{"name":"ui"},"message":"Emulator UI logging to \u001b[1mui-debug.log\u001b[22m"}}
[debug] [2020-09-12T06:30:08.341Z] Web / API server started at http://localhost:4000
 {"metadata":{"emulator":{"name":"ui"},"message":"Web / API server started at http://localhost:4000\n"}}
[info] i  functions: Watching "C:\source\react-challenge\amazon-clone\functions" for Cloud Functions... {"metadata":{"emulator":{"name":"functions"},"message":"Watching \"C:\\source\\react-challenge\\amazon-clone\\functions\" for Cloud Functions..."}}
[debug] [2020-09-12T06:30:08.540Z] [worker-pool] addWorker(~diagnostic~) {"metadata":{"emulator":{"name":"functions"},"message":"[worker-pool] addWorker(~diagnostic~)"}}
[debug] [2020-09-12T06:30:08.541Z] [worker-pool] Adding worker with key ~diagnostic~, total=1 {"metadata":{"emulator":{"name":"functions"},"message":"[worker-pool] Adding worker with key ~diagnostic~, total=1"}}
[debug] [2020-09-12T06:30:08.541Z] [worker-pool] submitWork(triggerId=) {"metadata":{"emulator":{"name":"functions"},"message":"[worker-pool] submitWork(triggerId=)"}}
[debug] [2020-09-12T06:30:08.541Z] [worker-~diagnostic~-ae897bb8-cee1-4d41-b05c-09d3e74f1e28]: Assigning socketPath: \\?\pipe\C:\source\react-challenge\amazon-clone\functions\35720 {"metadata":{"emulator":{"name":"functions"},"message":"[worker-~diagnostic~-ae897bb8-cee1-4d41-b05c-09d3e74f1e28]: Assigning socketPath: \\\\?\\pipe\\C:\\source\\react-challenge\\amazon-clone\\functions\\35720"}}
[debug] [2020-09-12T06:30:08.541Z] [worker-~diagnostic~-ae897bb8-cee1-4d41-b05c-09d3e74f1e28]: BUSY {"metadata":{"emulator":{"name":"functions"},"message":"[worker-~diagnostic~-ae897bb8-cee1-4d41-b05c-09d3e74f1e28]: BUSY"}}
[debug] [2020-09-12T06:30:10.320Z] [runtime-status] [35720] Functions runtime initialized. {"cwd":"C:\\source\\react-challenge\\amazon-clone\\functions","node_version":"13.12.0"} {"metadata":{"emulator":{"name":"functions"},"message":"[runtime-status] [35720] Functions runtime initialized. {\"cwd\":\"C:\\\\source\\\\react-challenge\\\\amazon-clone\\\\functions\",\"node_version\":\"13.12.0\"}"}}
[debug] [2020-09-12T06:30:10.320Z] [runtime-status] [35720] Disabled runtime features: undefined {"metadata":{"emulator":{"name":"functions"},"message":"[runtime-status] [35720] Disabled runtime features: undefined"}}
[debug] [2020-09-12T06:30:10.335Z] [runtime-status] [35720] Resolved module firebase-admin {"declared":true,"installed":true,"version":"8.13.0","resolution":"C:\\source\\react-challenge\\amazon-clone\\functions\\node_modules\\firebase-admin\\lib\\index.js"} {"metadata":{"emulator":{"name":"functions"},"message":"[runtime-status] [35720] Resolved module firebase-admin {\"declared\":true,\"installed\":true,\"version\":\"8.13.0\",\"resolution\":\"C:\\\\source\\\\react-challenge\\\\amazon-clone\\\\functions\\\\node_modules\\\\firebase-admin\\\\lib\\\\index.js\"}"}}
[debug] [2020-09-12T06:30:10.343Z] [runtime-status] [35720] Resolved module firebase-functions {"declared":true,"installed":true,"version":"3.11.0","resolution":"C:\\source\\react-challenge\\amazon-clone\\functions\\node_modules\\firebase-functions\\lib\\index.js"} {"metadata":{"emulator":{"name":"functions"},"message":"[runtime-status] [35720] Resolved module firebase-functions {\"declared\":true,\"installed\":true,\"version\":\"3.11.0\",\"resolution\":\"C:\\\\source\\\\react-challenge\\\\amazon-clone\\\\functions\\\\node_modules\\\\firebase-functions\\\\lib\\\\index.js\"}"}}
[debug] [2020-09-12T06:30:10.347Z] [runtime-status] [35720] Resolved module firebase-functions {"declared":true,"installed":true,"version":"3.11.0","resolution":"C:\\source\\react-challenge\\amazon-clone\\functions\\node_modules\\firebase-functions\\lib\\index.js"} {"metadata":{"emulator":{"name":"functions"},"message":"[runtime-status] [35720] Resolved module firebase-functions {\"declared\":true,\"installed\":true,\"version\":\"3.11.0\",\"resolution\":\"C:\\\\source\\\\react-challenge\\\\amazon-clone\\\\functions\\\\node_modules\\\\firebase-functions\\\\lib\\\\index.js\"}"}}
[debug] [2020-09-12T06:30:10.348Z] [runtime-status] [35720] Outgoing network have been stubbed. [{"name":"http","status":"mocked"},{"name":"http","status":"mocked"},{"name":"https","status":"mocked"},{"name":"https","status":"mocked"},{"name":"net","status":"mocked"}] {"metadata":{"emulator":{"name":"functions"},"message":"[runtime-status] [35720] Outgoing network have been stubbed. [{\"name\":\"http\",\"status\":\"mocked\"},{\"name\":\"http\",\"status\":\"mocked\"},{\"name\":\"https\",\"status\":\"mocked\"},{\"name\":\"https\",\"status\":\"mocked\"},{\"name\":\"net\",\"status\":\"mocked\"}]"}}
[debug] [2020-09-12T06:30:10.349Z] [runtime-status] [35720] Resolved module firebase-functions {"declared":true,"installed":true,"version":"3.11.0","resolution":"C:\\source\\react-challenge\\amazon-clone\\functions\\node_modules\\firebase-functions\\lib\\index.js"} {"metadata":{"emulator":{"name":"functions"},"message":"[runtime-status] [35720] Resolved module firebase-functions {\"declared\":true,\"installed\":true,\"version\":\"3.11.0\",\"resolution\":\"C:\\\\source\\\\react-challenge\\\\amazon-clone\\\\functions\\\\node_modules\\\\firebase-functions\\\\lib\\\\index.js\"}"}}
[debug] [2020-09-12T06:30:10.434Z] [runtime-status] [35720] Checked functions.config() {"config":{}} {"metadata":{"emulator":{"name":"functions"},"message":"[runtime-status] [35720] Checked functions.config() {\"config\":{}}"}}
[debug] [2020-09-12T06:30:10.434Z] [runtime-status] [35720] firebase-functions has been stubbed. {"functionsResolution":{"declared":true,"installed":true,"version":"3.11.0","resolution":"C:\\source\\react-challenge\\amazon-clone\\functions\\node_modules\\firebase-functions\\lib\\index.js"}} {"metadata":{"emulator":{"name":"functions"},"message":"[runtime-status] [35720] firebase-functions has been stubbed. {\"functionsResolution\":{\"declared\":true,\"installed\":true,\"version\":\"3.11.0\",\"resolution\":\"C:\\\\source\\\\react-challenge\\\\amazon-clone\\\\functions\\\\node_modules\\\\firebase-functions\\\\lib\\\\index.js\"}}"}}
[debug] [2020-09-12T06:30:10.435Z] [runtime-status] [35720] Resolved module firebase-functions {"declared":true,"installed":true,"version":"3.11.0","resolution":"C:\\source\\react-challenge\\amazon-clone\\functions\\node_modules\\firebase-functions\\lib\\index.js"} {"metadata":{"emulator":{"name":"functions"},"message":"[runtime-status] [35720] Resolved module firebase-functions {\"declared\":true,\"installed\":true,\"version\":\"3.11.0\",\"resolution\":\"C:\\\\source\\\\react-challenge\\\\amazon-clone\\\\functions\\\\node_modules\\\\firebase-functions\\\\lib\\\\index.js\"}"}}
[debug] [2020-09-12T06:30:10.437Z] [runtime-status] [35720] Resolved module firebase-admin {"declared":true,"installed":true,"version":"8.13.0","resolution":"C:\\source\\react-challenge\\amazon-clone\\functions\\node_modules\\firebase-admin\\lib\\index.js"} {"metadata":{"emulator":{"name":"functions"},"message":"[runtime-status] [35720] Resolved module firebase-admin {\"declared\":true,\"installed\":true,\"version\":\"8.13.0\",\"resolution\":\"C:\\\\source\\\\react-challenge\\\\amazon-clone\\\\functions\\\\node_modules\\\\firebase-admin\\\\lib\\\\index.js\"}"}}
[debug] [2020-09-12T06:30:10.438Z] [runtime-status] [35720] Resolved module firebase-functions {"declared":true,"installed":true,"version":"3.11.0","resolution":"C:\\source\\react-challenge\\amazon-clone\\functions\\node_modules\\firebase-functions\\lib\\index.js"} {"metadata":{"emulator":{"name":"functions"},"message":"[runtime-status] [35720] Resolved module firebase-functions {\"declared\":true,\"installed\":true,\"version\":\"3.11.0\",\"resolution\":\"C:\\\\source\\\\react-challenge\\\\amazon-clone\\\\functions\\\\node_modules\\\\firebase-functions\\\\lib\\\\index.js\"}"}}
[debug] [2020-09-12T06:30:10.439Z] [runtime-status] [35720] firebase-admin has been stubbed. {"adminResolution":{"declared":true,"installed":true,"version":"8.13.0","resolution":"C:\\source\\react-challenge\\amazon-clone\\functions\\node_modules\\firebase-admin\\lib\\index.js"}} {"metadata":{"emulator":{"name":"functions"},"message":"[runtime-status] [35720] firebase-admin has been stubbed. {\"adminResolution\":{\"declared\":true,\"installed\":true,\"version\":\"8.13.0\",\"resolution\":\"C:\\\\source\\\\react-challenge\\\\amazon-clone\\\\functions\\\\node_modules\\\\firebase-admin\\\\lib\\\\index.js\"}}"}}
[info] +  functions[api]: http function initialized (http://localhost:5001/clo-15d92/us-central1/api). {"metadata":{"emulator":{"name":"functions"},"message":"\u001b[1mhttp\u001b[22m function initialized (http://localhost:5001/clo-15d92/us-central1/api)."}}
[info] 
┌───────────────────────────────────────────────────────────────────────┐
│ ✔  All emulators ready! View status and logs at http://localhost:4000 │
└───────────────────────────────────────────────────────────────────────┘

┌───────────┬────────────────┬─────────────────────────────────┐
│ Emulator  │ Host:Port      │ View in Emulator UI             │
├───────────┼────────────────┼─────────────────────────────────┤
│ Functions │ localhost:5001 │ http://localhost:4000/functions │
├───────────┼────────────────┼─────────────────────────────────┤
│ Hosting   │ localhost:5000 │ n/a                             │
└───────────┴────────────────┴─────────────────────────────────┘
  Other reserved ports: 4400, 4500

Issues? Report them at https://github.com/firebase/firebase-tools/issues and attach the *-debug.log files.
 
[debug] [2020-09-12T06:30:11.057Z] [worker-~diagnostic~-ae897bb8-cee1-4d41-b05c-09d3e74f1e28]: IDLE {"metadata":{"emulator":{"name":"functions"},"message":"[worker-~diagnostic~-ae897bb8-cee1-4d41-b05c-09d3e74f1e28]: IDLE"}}
[debug] [2020-09-12T06:30:28.370Z] [work-queue] {"queueLength":1,"workRunningCount":0}
[debug] [2020-09-12T06:30:28.370Z] [work-queue] {"queueLength":0,"workRunningCount":1}
[debug] [2020-09-12T06:30:28.370Z] Accepted request POST /clo-15d92/us-central1/api/payments/create?total=5999 --> api
[debug] [2020-09-12T06:30:28.380Z] [worker-pool] addWorker(api) {"metadata":{"emulator":{"name":"functions"},"message":"[worker-pool] addWorker(api)"}}
[debug] [2020-09-12T06:30:28.380Z] [worker-pool] Adding worker with key api, total=1 {"metadata":{"emulator":{"name":"functions"},"message":"[worker-pool] Adding worker with key api, total=1"}}
[debug] [2020-09-12T06:30:28.380Z] [worker-pool] submitWork(triggerId=api) {"metadata":{"emulator":{"name":"functions"},"message":"[worker-pool] submitWork(triggerId=api)"}}
[debug] [2020-09-12T06:30:28.380Z] [worker-api-4d02c1af-2d5a-4a49-8d8a-e2c9d3c5d866]: Assigning socketPath: \\?\pipe\C:\source\react-challenge\amazon-clone\functions\14012 {"metadata":{"emulator":{"name":"functions"},"message":"[worker-api-4d02c1af-2d5a-4a49-8d8a-e2c9d3c5d866]: Assigning socketPath: \\\\?\\pipe\\C:\\source\\react-challenge\\amazon-clone\\functions\\14012"}}
[debug] [2020-09-12T06:30:28.380Z] [worker-api-4d02c1af-2d5a-4a49-8d8a-e2c9d3c5d866]: BUSY {"metadata":{"emulator":{"name":"functions"},"message":"[worker-api-4d02c1af-2d5a-4a49-8d8a-e2c9d3c5d866]: BUSY"}}
[debug] [2020-09-12T06:30:30.024Z] [runtime-status] [14012] Functions runtime initialized. {"cwd":"C:\\source\\react-challenge\\amazon-clone\\functions","node_version":"13.12.0"} {"metadata":{"emulator":{"name":"functions"},"function":{"name":"api"},"message":"[runtime-status] [14012] Functions runtime initialized. {\"cwd\":\"C:\\\\source\\\\react-challenge\\\\amazon-clone\\\\functions\",\"node_version\":\"13.12.0\"}"}}
[debug] [2020-09-12T06:30:30.025Z] [runtime-status] [14012] Disabled runtime features: undefined {"metadata":{"emulator":{"name":"functions"},"function":{"name":"api"},"message":"[runtime-status] [14012] Disabled runtime features: undefined"}}
[debug] [2020-09-12T06:30:30.040Z] [runtime-status] [14012] Resolved module firebase-admin {"declared":true,"installed":true,"version":"8.13.0","resolution":"C:\\source\\react-challenge\\amazon-clone\\functions\\node_modules\\firebase-admin\\lib\\index.js"} {"metadata":{"emulator":{"name":"functions"},"function":{"name":"api"},"message":"[runtime-status] [14012] Resolved module firebase-admin {\"declared\":true,\"installed\":true,\"version\":\"8.13.0\",\"resolution\":\"C:\\\\source\\\\react-challenge\\\\amazon-clone\\\\functions\\\\node_modules\\\\firebase-admin\\\\lib\\\\index.js\"}"}}
[debug] [2020-09-12T06:30:30.048Z] [runtime-status] [14012] Resolved module firebase-functions {"declared":true,"installed":true,"version":"3.11.0","resolution":"C:\\source\\react-challenge\\amazon-clone\\functions\\node_modules\\firebase-functions\\lib\\index.js"} {"metadata":{"emulator":{"name":"functions"},"function":{"name":"api"},"message":"[runtime-status] [14012] Resolved module firebase-functions {\"declared\":true,\"installed\":true,\"version\":\"3.11.0\",\"resolution\":\"C:\\\\source\\\\react-challenge\\\\amazon-clone\\\\functions\\\\node_modules\\\\firebase-functions\\\\lib\\\\index.js\"}"}}
[debug] [2020-09-12T06:30:30.052Z] [runtime-status] [14012] Resolved module firebase-functions {"declared":true,"installed":true,"version":"3.11.0","resolution":"C:\\source\\react-challenge\\amazon-clone\\functions\\node_modules\\firebase-functions\\lib\\index.js"} {"metadata":{"emulator":{"name":"functions"},"function":{"name":"api"},"message":"[runtime-status] [14012] Resolved module firebase-functions {\"declared\":true,\"installed\":true,\"version\":\"3.11.0\",\"resolution\":\"C:\\\\source\\\\react-challenge\\\\amazon-clone\\\\functions\\\\node_modules\\\\firebase-functions\\\\lib\\\\index.js\"}"}}
[debug] [2020-09-12T06:30:30.054Z] [runtime-status] [14012] Outgoing network have been stubbed. [{"name":"http","status":"mocked"},{"name":"http","status":"mocked"},{"name":"https","status":"mocked"},{"name":"https","status":"mocked"},{"name":"net","status":"mocked"}] {"metadata":{"emulator":{"name":"functions"},"function":{"name":"api"},"message":"[runtime-status] [14012] Outgoing network have been stubbed. [{\"name\":\"http\",\"status\":\"mocked\"},{\"name\":\"http\",\"status\":\"mocked\"},{\"name\":\"https\",\"status\":\"mocked\"},{\"name\":\"https\",\"status\":\"mocked\"},{\"name\":\"net\",\"status\":\"mocked\"}]"}}
[debug] [2020-09-12T06:30:30.055Z] [runtime-status] [14012] Resolved module firebase-functions {"declared":true,"installed":true,"version":"3.11.0","resolution":"C:\\source\\react-challenge\\amazon-clone\\functions\\node_modules\\firebase-functions\\lib\\index.js"} {"metadata":{"emulator":{"name":"functions"},"function":{"name":"api"},"message":"[runtime-status] [14012] Resolved module firebase-functions {\"declared\":true,\"installed\":true,\"version\":\"3.11.0\",\"resolution\":\"C:\\\\source\\\\react-challenge\\\\amazon-clone\\\\functions\\\\node_modules\\\\firebase-functions\\\\lib\\\\index.js\"}"}}
[debug] [2020-09-12T06:30:30.138Z] [runtime-status] [14012] Checked functions.config() {"config":{}} {"metadata":{"emulator":{"name":"functions"},"function":{"name":"api"},"message":"[runtime-status] [14012] Checked functions.config() {\"config\":{}}"}}
[debug] [2020-09-12T06:30:30.138Z] [runtime-status] [14012] firebase-functions has been stubbed. {"functionsResolution":{"declared":true,"installed":true,"version":"3.11.0","resolution":"C:\\source\\react-challenge\\amazon-clone\\functions\\node_modules\\firebase-functions\\lib\\index.js"}} {"metadata":{"emulator":{"name":"functions"},"function":{"name":"api"},"message":"[runtime-status] [14012] firebase-functions has been stubbed. {\"functionsResolution\":{\"declared\":true,\"installed\":true,\"version\":\"3.11.0\",\"resolution\":\"C:\\\\source\\\\react-challenge\\\\amazon-clone\\\\functions\\\\node_modules\\\\firebase-functions\\\\lib\\\\index.js\"}}"}}
[debug] [2020-09-12T06:30:30.139Z] [runtime-status] [14012] Resolved module firebase-functions {"declared":true,"installed":true,"version":"3.11.0","resolution":"C:\\source\\react-challenge\\amazon-clone\\functions\\node_modules\\firebase-functions\\lib\\index.js"} {"metadata":{"emulator":{"name":"functions"},"function":{"name":"api"},"message":"[runtime-status] [14012] Resolved module firebase-functions {\"declared\":true,\"installed\":true,\"version\":\"3.11.0\",\"resolution\":\"C:\\\\source\\\\react-challenge\\\\amazon-clone\\\\functions\\\\node_modules\\\\firebase-functions\\\\lib\\\\index.js\"}"}}
[debug] [2020-09-12T06:30:30.142Z] [runtime-status] [14012] Resolved module firebase-admin {"declared":true,"installed":true,"version":"8.13.0","resolution":"C:\\source\\react-challenge\\amazon-clone\\functions\\node_modules\\firebase-admin\\lib\\index.js"} {"metadata":{"emulator":{"name":"functions"},"function":{"name":"api"},"message":"[runtime-status] [14012] Resolved module firebase-admin {\"declared\":true,\"installed\":true,\"version\":\"8.13.0\",\"resolution\":\"C:\\\\source\\\\react-challenge\\\\amazon-clone\\\\functions\\\\node_modules\\\\firebase-admin\\\\lib\\\\index.js\"}"}}
[debug] [2020-09-12T06:30:30.143Z] [runtime-status] [14012] Resolved module firebase-functions {"declared":true,"installed":true,"version":"3.11.0","resolution":"C:\\source\\react-challenge\\amazon-clone\\functions\\node_modules\\firebase-functions\\lib\\index.js"} {"metadata":{"emulator":{"name":"functions"},"function":{"name":"api"},"message":"[runtime-status] [14012] Resolved module firebase-functions {\"declared\":true,\"installed\":true,\"version\":\"3.11.0\",\"resolution\":\"C:\\\\source\\\\react-challenge\\\\amazon-clone\\\\functions\\\\node_modules\\\\firebase-functions\\\\lib\\\\index.js\"}"}}
[debug] [2020-09-12T06:30:30.143Z] [runtime-status] [14012] firebase-admin has been stubbed. {"adminResolution":{"declared":true,"installed":true,"version":"8.13.0","resolution":"C:\\source\\react-challenge\\amazon-clone\\functions\\node_modules\\firebase-admin\\lib\\index.js"}} {"metadata":{"emulator":{"name":"functions"},"function":{"name":"api"},"message":"[runtime-status] [14012] firebase-admin has been stubbed. {\"adminResolution\":{\"declared\":true,\"installed\":true,\"version\":\"8.13.0\",\"resolution\":\"C:\\\\source\\\\react-challenge\\\\amazon-clone\\\\functions\\\\node_modules\\\\firebase-admin\\\\lib\\\\index.js\"}}"}}
[debug] [2020-09-12T06:30:30.724Z] [runtime-status] [14012] Trigger "api" has been found, beginning invocation! {"metadata":{"emulator":{"name":"functions"},"function":{"name":"api"},"message":"[runtime-status] [14012] Trigger \"api\" has been found, beginning invocation!"}}
[info] i  functions: Beginning execution of "api" {"metadata":{"emulator":{"name":"functions"},"function":{"name":"api"},"message":"Beginning execution of \"api\""}}
[debug] [2020-09-12T06:30:30.726Z] [runtime-status] [14012] triggerDefinition {"httpsTrigger":{},"name":"api","entryPoint":"api"} {"metadata":{"emulator":{"name":"functions"},"function":{"name":"api"},"message":"[runtime-status] [14012] triggerDefinition {\"httpsTrigger\":{},\"name\":\"api\",\"entryPoint\":\"api\"}"}}
[debug] [2020-09-12T06:30:30.726Z] [runtime-status] [14012] Running api in mode HTTPS {"metadata":{"emulator":{"name":"functions"},"function":{"name":"api"},"message":"[runtime-status] [14012] Running api in mode HTTPS"}}
[debug] [2020-09-12T06:30:30.746Z] [runtime-status] [14012] Attempting to listen to socketPath: \\?\pipe\C:\source\react-challenge\amazon-clone\functions\14012 {"metadata":{"emulator":{"name":"functions"},"function":{"name":"api"},"message":"[runtime-status] [14012] Attempting to listen to socketPath: \\\\?\\pipe\\C:\\source\\react-challenge\\amazon-clone\\functions\\14012"}}
[debug] [2020-09-12T06:30:30.750Z] [functions] Runtime ready! Sending request! {"metadata":{"emulator":{"name":"functions"},"message":"[functions] Runtime ready! Sending request!"}}
[debug] [2020-09-12T06:30:30.755Z] [runtime-status] [14012] Ephemeral server handling POST request {"metadata":{"emulator":{"name":"functions"},"function":{"name":"api"},"message":"[runtime-status] [14012] Ephemeral server handling POST request"}}
[info] >  Payment request received BOOOM! for this amout >>> 5999 {"user":"Payment request received BOOOM! for this amout >>> 5999","metadata":{"emulator":{"name":"functions"},"function":{"name":"api"},"message":"\u001b[90m> \u001b[39m Payment request received BOOOM! for this amout >>> 5999"}}
[debug] [2020-09-12T06:30:30.774Z] [runtime-status] [14012] Ephemeral server survived. {"metadata":{"emulator":{"name":"functions"},"function":{"name":"api"},"message":"[runtime-status] [14012] Ephemeral server survived."}}
[info] i  functions: Finished "api" in ~1s {"metadata":{"emulator":{"name":"functions"},"function":{"name":"api"},"message":"Finished \"api\" in ~1s"}}
[debug] [2020-09-12T06:30:31.634Z] [worker-api-4d02c1af-2d5a-4a49-8d8a-e2c9d3c5d866]: IDLE {"metadata":{"emulator":{"name":"functions"},"message":"[worker-api-4d02c1af-2d5a-4a49-8d8a-e2c9d3c5d866]: IDLE"}}
[debug] [2020-09-12T06:30:31.634Z] [work-queue] {"queueLength":0,"workRunningCount":0}
[debug] [2020-09-12T06:55:53.102Z] [work-queue] {"queueLength":1,"workRunningCount":0}
[debug] [2020-09-12T06:55:53.102Z] [work-queue] {"queueLength":0,"workRunningCount":1}
[debug] [2020-09-12T06:55:53.102Z] Accepted request POST /clo-15d92/us-central1/api/payments/create?total=132993 --> api
[debug] [2020-09-12T06:55:53.102Z] [worker-pool] submitWork(triggerId=api) {"metadata":{"emulator":{"name":"functions"},"message":"[worker-pool] submitWork(triggerId=api)"}}
[debug] [2020-09-12T06:55:53.102Z] [worker-api-4d02c1af-2d5a-4a49-8d8a-e2c9d3c5d866]: Assigning socketPath: \\?\pipe\C:\source\react-challenge\amazon-clone\functions\14012 {"metadata":{"emulator":{"name":"functions"},"message":"[worker-api-4d02c1af-2d5a-4a49-8d8a-e2c9d3c5d866]: Assigning socketPath: \\\\?\\pipe\\C:\\source\\react-challenge\\amazon-clone\\functions\\14012"}}
[debug] [2020-09-12T06:55:53.102Z] [worker-api-4d02c1af-2d5a-4a49-8d8a-e2c9d3c5d866]: BUSY {"metadata":{"emulator":{"name":"functions"},"message":"[worker-api-4d02c1af-2d5a-4a49-8d8a-e2c9d3c5d866]: BUSY"}}
[debug] [2020-09-12T06:55:53.103Z] [runtime-status] [14012] Trigger "api" has been found, beginning invocation! {"metadata":{"emulator":{"name":"functions"},"function":{"name":"api"},"message":"[runtime-status] [14012] Trigger \"api\" has been found, beginning invocation!"}}
[info] i  functions: Beginning execution of "api" {"metadata":{"emulator":{"name":"functions"},"function":{"name":"api"},"message":"Beginning execution of \"api\""}}
[debug] [2020-09-12T06:55:53.104Z] [runtime-status] [14012] triggerDefinition {"httpsTrigger":{},"name":"api","entryPoint":"api"} {"metadata":{"emulator":{"name":"functions"},"function":{"name":"api"},"message":"[runtime-status] [14012] triggerDefinition {\"httpsTrigger\":{},\"name\":\"api\",\"entryPoint\":\"api\"}"}}
[debug] [2020-09-12T06:55:53.104Z] [runtime-status] [14012] Running api in mode HTTPS {"metadata":{"emulator":{"name":"functions"},"function":{"name":"api"},"message":"[runtime-status] [14012] Running api in mode HTTPS"}}
[debug] [2020-09-12T06:55:53.104Z] [runtime-status] [14012] Attempting to listen to socketPath: \\?\pipe\C:\source\react-challenge\amazon-clone\functions\14012 {"metadata":{"emulator":{"name":"functions"},"function":{"name":"api"},"message":"[runtime-status] [14012] Attempting to listen to socketPath: \\\\?\\pipe\\C:\\source\\react-challenge\\amazon-clone\\functions\\14012"}}
[debug] [2020-09-12T06:55:53.106Z] [functions] Runtime ready! Sending request! {"metadata":{"emulator":{"name":"functions"},"message":"[functions] Runtime ready! Sending request!"}}
[debug] [2020-09-12T06:55:53.108Z] [runtime-status] [14012] Ephemeral server handling POST request {"metadata":{"emulator":{"name":"functions"},"function":{"name":"api"},"message":"[runtime-status] [14012] Ephemeral server handling POST request"}}
[info] >  Payment request received BOOOM! for this amout >>> 132993 {"user":"Payment request received BOOOM! for this amout >>> 132993","metadata":{"emulator":{"name":"functions"},"function":{"name":"api"},"message":"\u001b[90m> \u001b[39m Payment request received BOOOM! for this amout >>> 132993"}}
[debug] [2020-09-12T06:55:53.117Z] [runtime-status] [14012] Ephemeral server survived. {"metadata":{"emulator":{"name":"functions"},"function":{"name":"api"},"message":"[runtime-status] [14012] Ephemeral server survived."}}
[info] i  functions: Finished "api" in ~1s {"metadata":{"emulator":{"name":"functions"},"function":{"name":"api"},"message":"Finished \"api\" in ~1s"}}
[debug] [2020-09-12T06:55:53.699Z] [worker-api-4d02c1af-2d5a-4a49-8d8a-e2c9d3c5d866]: IDLE {"metadata":{"emulator":{"name":"functions"},"message":"[worker-api-4d02c1af-2d5a-4a49-8d8a-e2c9d3c5d866]: IDLE"}}
[debug] [2020-09-12T06:55:53.699Z] [work-queue] {"queueLength":0,"workRunningCount":0}
[debug] [2020-09-12T06:56:47.543Z] [work-queue] {"queueLength":1,"workRunningCount":0}
[debug] [2020-09-12T06:56:47.543Z] [work-queue] {"queueLength":0,"workRunningCount":1}
[debug] [2020-09-12T06:56:47.544Z] Accepted request POST /clo-15d92/us-central1/api/payments/create?total=132993 --> api
[debug] [2020-09-12T06:56:47.544Z] [worker-pool] submitWork(triggerId=api) {"metadata":{"emulator":{"name":"functions"},"message":"[worker-pool] submitWork(triggerId=api)"}}
[debug] [2020-09-12T06:56:47.544Z] [worker-api-4d02c1af-2d5a-4a49-8d8a-e2c9d3c5d866]: Assigning socketPath: \\?\pipe\C:\source\react-challenge\amazon-clone\functions\14012 {"metadata":{"emulator":{"name":"functions"},"message":"[worker-api-4d02c1af-2d5a-4a49-8d8a-e2c9d3c5d866]: Assigning socketPath: \\\\?\\pipe\\C:\\source\\react-challenge\\amazon-clone\\functions\\14012"}}
[debug] [2020-09-12T06:56:47.544Z] [worker-api-4d02c1af-2d5a-4a49-8d8a-e2c9d3c5d866]: BUSY {"metadata":{"emulator":{"name":"functions"},"message":"[worker-api-4d02c1af-2d5a-4a49-8d8a-e2c9d3c5d866]: BUSY"}}
[debug] [2020-09-12T06:56:47.544Z] [runtime-status] [14012] Trigger "api" has been found, beginning invocation! {"metadata":{"emulator":{"name":"functions"},"function":{"name":"api"},"message":"[runtime-status] [14012] Trigger \"api\" has been found, beginning invocation!"}}
[info] i  functions: Beginning execution of "api" {"metadata":{"emulator":{"name":"functions"},"function":{"name":"api"},"message":"Beginning execution of \"api\""}}
[debug] [2020-09-12T06:56:47.546Z] [runtime-status] [14012] triggerDefinition {"httpsTrigger":{},"name":"api","entryPoint":"api"} {"metadata":{"emulator":{"name":"functions"},"function":{"name":"api"},"message":"[runtime-status] [14012] triggerDefinition {\"httpsTrigger\":{},\"name\":\"api\",\"entryPoint\":\"api\"}"}}
[debug] [2020-09-12T06:56:47.546Z] [runtime-status] [14012] Running api in mode HTTPS {"metadata":{"emulator":{"name":"functions"},"function":{"name":"api"},"message":"[runtime-status] [14012] Running api in mode HTTPS"}}
[debug] [2020-09-12T06:56:47.546Z] [runtime-status] [14012] Attempting to listen to socketPath: \\?\pipe\C:\source\react-challenge\amazon-clone\functions\14012 {"metadata":{"emulator":{"name":"functions"},"function":{"name":"api"},"message":"[runtime-status] [14012] Attempting to listen to socketPath: \\\\?\\pipe\\C:\\source\\react-challenge\\amazon-clone\\functions\\14012"}}
[debug] [2020-09-12T06:56:47.550Z] [functions] Runtime ready! Sending request! {"metadata":{"emulator":{"name":"functions"},"message":"[functions] Runtime ready! Sending request!"}}
[debug] [2020-09-12T06:56:47.552Z] [runtime-status] [14012] Ephemeral server handling POST request {"metadata":{"emulator":{"name":"functions"},"function":{"name":"api"},"message":"[runtime-status] [14012] Ephemeral server handling POST request"}}
[info] >  Payment request received BOOOM! for this amout >>> 132993 {"user":"Payment request received BOOOM! for this amout >>> 132993","metadata":{"emulator":{"name":"functions"},"function":{"name":"api"},"message":"\u001b[90m> \u001b[39m Payment request received BOOOM! for this amout >>> 132993"}}
[debug] [2020-09-12T06:56:47.564Z] [runtime-status] [14012] Ephemeral server survived. {"metadata":{"emulator":{"name":"functions"},"function":{"name":"api"},"message":"[runtime-status] [14012] Ephemeral server survived."}}
[info] i  functions: Finished "api" in ~1s {"metadata":{"emulator":{"name":"functions"},"function":{"name":"api"},"message":"Finished \"api\" in ~1s"}}
[debug] [2020-09-12T06:56:47.823Z] [worker-api-4d02c1af-2d5a-4a49-8d8a-e2c9d3c5d866]: IDLE {"metadata":{"emulator":{"name":"functions"},"message":"[worker-api-4d02c1af-2d5a-4a49-8d8a-e2c9d3c5d866]: IDLE"}}
[debug] [2020-09-12T06:56:47.823Z] [work-queue] {"queueLength":0,"workRunningCount":0}
[debug] [2020-09-12T06:57:54.601Z] [work-queue] {"queueLength":1,"workRunningCount":0}
[debug] [2020-09-12T06:57:54.601Z] [work-queue] {"queueLength":0,"workRunningCount":1}
[debug] [2020-09-12T06:57:54.601Z] Accepted request POST /clo-15d92/us-central1/api/payments/create?total=56997 --> api
[debug] [2020-09-12T06:57:54.601Z] [worker-pool] submitWork(triggerId=api) {"metadata":{"emulator":{"name":"functions"},"message":"[worker-pool] submitWork(triggerId=api)"}}
[debug] [2020-09-12T06:57:54.601Z] [worker-api-4d02c1af-2d5a-4a49-8d8a-e2c9d3c5d866]: Assigning socketPath: \\?\pipe\C:\source\react-challenge\amazon-clone\functions\14012 {"metadata":{"emulator":{"name":"functions"},"message":"[worker-api-4d02c1af-2d5a-4a49-8d8a-e2c9d3c5d866]: Assigning socketPath: \\\\?\\pipe\\C:\\source\\react-challenge\\amazon-clone\\functions\\14012"}}
[debug] [2020-09-12T06:57:54.602Z] [worker-api-4d02c1af-2d5a-4a49-8d8a-e2c9d3c5d866]: BUSY {"metadata":{"emulator":{"name":"functions"},"message":"[worker-api-4d02c1af-2d5a-4a49-8d8a-e2c9d3c5d866]: BUSY"}}
[debug] [2020-09-12T06:57:54.602Z] [runtime-status] [14012] Trigger "api" has been found, beginning invocation! {"metadata":{"emulator":{"name":"functions"},"function":{"name":"api"},"message":"[runtime-status] [14012] Trigger \"api\" has been found, beginning invocation!"}}
[info] i  functions: Beginning execution of "api" {"metadata":{"emulator":{"name":"functions"},"function":{"name":"api"},"message":"Beginning execution of \"api\""}}
[debug] [2020-09-12T06:57:54.603Z] [runtime-status] [14012] triggerDefinition {"httpsTrigger":{},"name":"api","entryPoint":"api"} {"metadata":{"emulator":{"name":"functions"},"function":{"name":"api"},"message":"[runtime-status] [14012] triggerDefinition {\"httpsTrigger\":{},\"name\":\"api\",\"entryPoint\":\"api\"}"}}
[debug] [2020-09-12T06:57:54.603Z] [runtime-status] [14012] Running api in mode HTTPS {"metadata":{"emulator":{"name":"functions"},"function":{"name":"api"},"message":"[runtime-status] [14012] Running api in mode HTTPS"}}
[debug] [2020-09-12T06:57:54.603Z] [runtime-status] [14012] Attempting to listen to socketPath: \\?\pipe\C:\source\react-challenge\amazon-clone\functions\14012 {"metadata":{"emulator":{"name":"functions"},"function":{"name":"api"},"message":"[runtime-status] [14012] Attempting to listen to socketPath: \\\\?\\pipe\\C:\\source\\react-challenge\\amazon-clone\\functions\\14012"}}
[debug] [2020-09-12T06:57:54.606Z] [functions] Runtime ready! Sending request! {"metadata":{"emulator":{"name":"functions"},"message":"[functions] Runtime ready! Sending request!"}}
[debug] [2020-09-12T06:57:54.608Z] [runtime-status] [14012] Ephemeral server handling POST request {"metadata":{"emulator":{"name":"functions"},"function":{"name":"api"},"message":"[runtime-status] [14012] Ephemeral server handling POST request"}}
[info] >  Payment request received BOOOM! for this amout >>> 56997 {"user":"Payment request received BOOOM! for this amout >>> 56997","metadata":{"emulator":{"name":"functions"},"function":{"name":"api"},"message":"\u001b[90m> \u001b[39m Payment request received BOOOM! for this amout >>> 56997"}}
[debug] [2020-09-12T06:57:54.620Z] [runtime-status] [14012] Ephemeral server survived. {"metadata":{"emulator":{"name":"functions"},"function":{"name":"api"},"message":"[runtime-status] [14012] Ephemeral server survived."}}
[info] i  functions: Finished "api" in ~1s {"metadata":{"emulator":{"name":"functions"},"function":{"name":"api"},"message":"Finished \"api\" in ~1s"}}
[debug] [2020-09-12T06:57:54.881Z] [worker-api-4d02c1af-2d5a-4a49-8d8a-e2c9d3c5d866]: IDLE {"metadata":{"emulator":{"name":"functions"},"message":"[worker-api-4d02c1af-2d5a-4a49-8d8a-e2c9d3c5d866]: IDLE"}}
[debug] [2020-09-12T06:57:54.881Z] [work-queue] {"queueLength":0,"workRunningCount":0}
